<?xml version="1.0" encoding="UTF-8"?>
<!-- Generated by org.testng.reporters.JUnitReportReporter -->
<testsuite skipped="0" hostname="RK" name="net.phptravels.testpages.HomePageTest" tests="3" failures="0" timestamp="22 Apr 2018 20:48:06 GMT" time="104.112" errors="0">
  <testcase name="searchHotelTest" time="39.952" classname="net.phptravels.testpages.HomePageTest"/>
  <testcase name="searchHotelTestEdgeCase1" time="33.644" classname="net.phptravels.testpages.HomePageTest"/>
  <testcase name="searchHotelTestEdgeCase2" time="30.516" classname="net.phptravels.testpages.HomePageTest"/>
</testsuite> <!-- net.phptravels.testpages.HomePageTest -->
