<?xml version="1.0" encoding="UTF-8"?>
<!-- Generated by org.testng.reporters.JUnitReportReporter -->
<testsuite skipped="0" hostname="RK" name="net.phptravels.testpages.LoginPageTest" tests="3" failures="0" timestamp="22 Apr 2018 20:48:06 GMT" time="67.273" errors="0">
  <testcase name="displayTitleTest" time="22.406" classname="net.phptravels.testpages.LoginPageTest"/>
  <testcase name="loginPassTest" time="22.695" classname="net.phptravels.testpages.LoginPageTest"/>
  <testcase name="loginFailTest" time="22.172" classname="net.phptravels.testpages.LoginPageTest"/>
</testsuite> <!-- net.phptravels.testpages.LoginPageTest -->
