<?xml version="1.0" encoding="UTF-8"?>
<!-- Generated by org.testng.reporters.JUnitReportReporter -->
<testsuite skipped="0" hostname="RK" name="net.phptravels.testpages.AccountPageTest" tests="2" failures="0" timestamp="22 Apr 2018 20:48:06 GMT" time="52.113" errors="0">
  <testcase name="verifyLoginNameTest" time="26.671" classname="net.phptravels.testpages.AccountPageTest"/>
  <testcase name="clickHomeLogoTest" time="25.442" classname="net.phptravels.testpages.AccountPageTest"/>
</testsuite> <!-- net.phptravels.testpages.AccountPageTest -->
